#
# A fatal error has been detected by the Java Runtime Environment:
#
#  EXCEPTION_ACCESS_VIOLATION (0xc0000005) at pc=0x00007ffa16790851, pid=736, tid=0x0000000000003138
#
# JRE version: Java(TM) SE Runtime Environment (8.0_291-b10) (build 1.8.0_291-b10)
# Java VM: Java HotSpot(TM) 64-Bit Server VM (25.291-b10 mixed mode windows-amd64 compressed oops)
# Problematic frame:
# C  [igxelpicd64.dll+0x260851]
#
# Failed to write core dump. Minidumps are not enabled by default on client versions of Windows
#
# If you would like to submit a bug report, please visit:
#   http://bugreport.java.com/bugreport/crash.jsp
# The crash happened outside the Java Virtual Machine in native code.
# See problematic frame for where to report the bug.
#

---------------  T H R E A D  ---------------

Current thread (0x000001a49ef99800):  JavaThread "JDWP Transport Listener: dt_socket" daemon [_thread_in_native, id=12600, stack(0x0000001ca5e00000,0x0000001ca5f00000)]

siginfo: ExceptionCode=0xc0000005, reading address 0x00000000000356f8

Registers:
RAX=0x000001a4a3be9d48, RBX=0x000001a4a3bea210, RCX=0x0000000000000000, RDX=0x0000000000000000
RSP=0x0000001ca5efe6c0, RBP=0x000001a4a3beaff0, RSI=0x000001a4a3be9c40, RDI=0x000001a4a394d250
R8 =0x0000000000000014, R9 =0x0000000000000000, R10=0x0000000000000000, R11=0x0000000000000246
R12=0x0000000000000016, R13=0x0000000000000000, R14=0x0000000000000000, R15=0x0000000000000000
RIP=0x00007ffa16790851, EFLAGS=0x0000000000010206

Top of Stack: (sp=0x0000001ca5efe6c0)
0x0000001ca5efe6c0:   000001a4a1954c10 0000000000000000
0x0000001ca5efe6d0:   0000001ca5efe790 00007ffabdf47f84
0x0000001ca5efe6e0:   0000001ca5efe850 00007ffabdf3a199
0x0000001ca5efe6f0:   0000001ca4b33000 00007ffabdf36641
0x0000001ca5efe700:   000001a4a39ec938 00000000000000c2
0x0000001ca5efe710:   0000000000000000 0000000000000015
0x0000001ca5efe720:   0000000000000000 0000000000000000
0x0000001ca5efe730:   0000001ca5efe840 00007ffa165a3b7c
0x0000001ca5efe740:   000001a400000016 000001a4a1954c10
0x0000001ca5efe750:   000001a4a394d250 00007ffabdf36600
0x0000001ca5efe760:   0000001c00002e3c 0000b802001a0000
0x0000001ca5efe770:   0000000000000000 0000001ca5efe948
0x0000001ca5efe780:   00000000000000c0 000001a484230be8
0x0000001ca5efe790:   0000001ca5efe8a0 0000001ca5efeb20
0x0000001ca5efe7a0:   0000001ca4b0e000 00007ffa167bc69f
0x0000001ca5efe7b0:   000001a484220000 0000000000000002 

Instructions: (pc=0x00007ffa16790851)
0x00007ffa16790831:   18 01 00 00 48 8d 04 d5 21 00 00 00 48 03 c2 48
0x00007ffa16790841:   8d 04 c6 48 85 c0 0f 84 70 01 00 00 48 8b 48 08
0x00007ffa16790851:   49 3b 8e f8 56 03 00 0f 87 e9 02 00 00 48 83 be
0x00007ffa16790861:   48 06 00 00 00 0f 85 29 49 72 00 44 8b 97 c8 01 


Register to memory mapping:

RAX=0x000001a4a3be9d48 is an unknown value
RBX=0x000001a4a3bea210 is an unknown value
RCX=0x0000000000000000 is an unknown value
RDX=0x0000000000000000 is an unknown value
RSP=0x0000001ca5efe6c0 is pointing into the stack for thread: 0x000001a49ef99800
RBP=0x000001a4a3beaff0 is an unknown value
RSI=0x000001a4a3be9c40 is an unknown value
RDI=0x000001a4a394d250 is an unknown value
R8 =0x0000000000000014 is an unknown value
R9 =0x0000000000000000 is an unknown value
R10=0x0000000000000000 is an unknown value
R11=0x0000000000000246 is an unknown value
R12=0x0000000000000016 is an unknown value
R13=0x0000000000000000 is an unknown value
R14=0x0000000000000000 is an unknown value
R15=0x0000000000000000 is an unknown value


Stack: [0x0000001ca5e00000,0x0000001ca5f00000],  sp=0x0000001ca5efe6c0,  free space=1017k
Native frames: (J=compiled Java code, j=interpreted, Vv=VM code, C=native code)
C  [igxelpicd64.dll+0x260851]
C  [igxelpicd64.dll+0x73b7c]
C  [igxelpicd64.dll+0x2be5ef]
C  [igxelpicd64.dll+0x158f3e]
C  [igxelpicd64.dll+0x2ae92b]
C  [igxelpicd64.dll+0x2aeacb]
C  [igxelpicd64.dll+0x2aa61f]
C  [igxelpicd64.dll+0x2aa454]
C  [igxelpicd64.dll+0x780deb]
C  [ntdll.dll+0x40277]
C  [ntdll.dll+0x5486c]
C  [ntdll.dll+0x5465d]
C  [KERNEL32.DLL+0x1c66b]
C  [ucrtbase.dll+0x19fec]
C  [ucrtbase.dll+0x1a0c1]
C  [jdwp.dll+0xd8b1]
C  [jdwp.dll+0xa13a]
C  [jdwp.dll+0xef91]
C  [jdwp.dll+0x1f4f5]
C  [jdwp.dll+0x1f45e]
V  [jvm.dll+0x1b9f8a]
V  [jvm.dll+0x23db02]
V  [jvm.dll+0x29210c]
C  [ucrtbase.dll+0x26c0c]
C  [KERNEL32.DLL+0x154e0]
C  [ntdll.dll+0x485b]


---------------  P R O C E S S  ---------------

Java Threads: ( => current thread )
  0x000001a4a3b9e000 JavaThread "AssetManager" daemon [_thread_blocked, id=16440, stack(0x0000001ca7100000,0x0000001ca7200000)]
  0x000001a49eff7800 JavaThread "Service Thread" daemon [_thread_blocked, id=9040, stack(0x0000001ca6500000,0x0000001ca6600000)]
  0x000001a49efbe800 JavaThread "C1 CompilerThread3" daemon [_thread_blocked, id=9708, stack(0x0000001ca6400000,0x0000001ca6500000)]
  0x000001a49efbe000 JavaThread "C2 CompilerThread2" daemon [_thread_blocked, id=12888, stack(0x0000001ca6300000,0x0000001ca6400000)]
  0x000001a49efbd000 JavaThread "C2 CompilerThread1" daemon [_thread_blocked, id=20408, stack(0x0000001ca6200000,0x0000001ca6300000)]
  0x000001a49efb6000 JavaThread "C2 CompilerThread0" daemon [_thread_blocked, id=8796, stack(0x0000001ca6100000,0x0000001ca6200000)]
  0x000001a49efa3000 JavaThread "JDWP Command Reader" daemon [_thread_in_vm, id=8268, stack(0x0000001ca6000000,0x0000001ca6100000)]
  0x000001a49ef9e800 JavaThread "JDWP Event Helper Thread" daemon [_thread_blocked, id=10680, stack(0x0000001ca5f00000,0x0000001ca6000000)]
=>0x000001a49ef99800 JavaThread "JDWP Transport Listener: dt_socket" daemon [_thread_in_native, id=12600, stack(0x0000001ca5e00000,0x0000001ca5f00000)]
  0x000001a49ef85000 JavaThread "Attach Listener" daemon [_thread_blocked, id=18200, stack(0x0000001ca5d00000,0x0000001ca5e00000)]
  0x000001a49ef84000 JavaThread "Signal Dispatcher" daemon [_thread_blocked, id=15276, stack(0x0000001ca5c00000,0x0000001ca5d00000)]
  0x000001a49ef5c000 JavaThread "Finalizer" daemon [_thread_blocked, id=5760, stack(0x0000001ca5b00000,0x0000001ca5c00000)]
  0x000001a49ef54000 JavaThread "Reference Handler" daemon [_thread_blocked, id=19496, stack(0x0000001ca5a00000,0x0000001ca5b00000)]
  0x000001a484445000 JavaThread "main" [_thread_blocked, id=13424, stack(0x0000001ca5000000,0x0000001ca5100000)]

Other Threads:
  0x000001a49ef29800 VMThread [stack: 0x0000001ca5900000,0x0000001ca5a00000] [id=516]
  0x000001a49efce000 WatcherThread [stack: 0x0000001ca6600000,0x0000001ca6700000] [id=3148]

VM state:not at safepoint (normal execution)

VM Mutex/Monitor currently owned by a thread: None

heap address: 0x00000006c3a00000, size: 4038 MB, Compressed Oops mode: Zero based, Oop shift amount: 3
Narrow klass base: 0x0000000000000000, Narrow klass shift: 3
Compressed class space size: 1073741824 Address: 0x00000007c0000000

Heap:
 PSYoungGen      total 75776K, used 34051K [0x000000076be00000, 0x0000000771280000, 0x00000007c0000000)
  eden space 65024K, 52% used [0x000000076be00000,0x000000076df40e98,0x000000076fd80000)
  from space 10752K, 0% used [0x0000000770800000,0x0000000770800000,0x0000000771280000)
  to   space 10752K, 0% used [0x000000076fd80000,0x000000076fd80000,0x0000000770800000)
 ParOldGen       total 173568K, used 0K [0x00000006c3a00000, 0x00000006ce380000, 0x000000076be00000)
  object space 173568K, 0% used [0x00000006c3a00000,0x00000006c3a00000,0x00000006ce380000)
 Metaspace       used 11101K, capacity 11305K, committed 11648K, reserved 1060864K
  class space    used 944K, capacity 1031K, committed 1152K, reserved 1048576K

Card table byte_map: [0x000001a495150000,0x000001a495940000] byte_map_base: 0x000001a491b33000

Marking Bits: (ParMarkBitMap*) 0x0000000052d67fe0
 Begin Bits: [0x000001a495e90000, 0x000001a499da8000)
 End Bits:   [0x000001a499da8000, 0x000001a49dcc0000)

Polling page: 0x000001a484590000

CodeCache: size=245760Kb used=3694Kb max_used=3694Kb free=242065Kb
 bounds [0x000001a485d90000, 0x000001a486130000, 0x000001a494d90000]
 total_blobs=1759 nmethods=840 adapters=840
 compilation: enabled

Compilation events (10 events):
Event: 1.202 Thread 0x000001a49efbe800  835       3       sun.misc.URLClassPath$JarLoader$2::getInputStream (15 bytes)
Event: 1.202 Thread 0x000001a49efbe800 nmethod 835 0x000001a486128110 code [0x000001a486128280, 0x000001a4861284d0]
Event: 1.202 Thread 0x000001a49efbe800  836       3       sun.misc.URLClassPath$JarLoader$2::getContentLength (9 bytes)
Event: 1.202 Thread 0x000001a49efbe800 nmethod 836 0x000001a486127c90 code [0x000001a486127e00, 0x000001a486128058]
Event: 1.202 Thread 0x000001a49efbe800  837       3       sun.misc.URLClassPath$JarLoader$2::getCodeSigners (8 bytes)
Event: 1.202 Thread 0x000001a49efbe800 nmethod 837 0x000001a48612c510 code [0x000001a48612c680, 0x000001a48612c8b0]
Event: 1.202 Thread 0x000001a49efbe800  838   !   3       java.util.jar.JarFile$JarFileEntry::getCodeSigners (78 bytes)
Event: 1.202 Thread 0x000001a49efbe800 nmethod 838 0x000001a48612c950 code [0x000001a48612cb20, 0x000001a48612d200]
Event: 1.202 Thread 0x000001a49efbe800  839       3       java.util.jar.JarFile::access$200 (5 bytes)
Event: 1.202 Thread 0x000001a49efbe800 nmethod 839 0x000001a48612d490 code [0x000001a48612d600, 0x000001a48612d790]

GC Heap History (0 events):
No events

Deoptimization events (10 events):
Event: 1.046 Thread 0x000001a484445000 Uncommon trap: reason=unstable_if action=reinterpret pc=0x000001a4860e0a40 method=com.badlogic.gdx.assets.AssetLoadingTask.handleAsyncLoader()V @ 19
Event: 1.047 Thread 0x000001a484445000 Uncommon trap: reason=unstable_if action=reinterpret pc=0x000001a4860e0370 method=java.util.concurrent.FutureTask.isDone()Z @ 4
Event: 1.061 Thread 0x000001a484445000 Uncommon trap: reason=class_check action=maybe_recompile pc=0x000001a4860f0d4c method=com.badlogic.gdx.assets.AssetLoadingTask.handleAsyncLoader()V @ 4
Event: 1.061 Thread 0x000001a484445000 Uncommon trap: reason=class_check action=maybe_recompile pc=0x000001a4860f0d4c method=com.badlogic.gdx.assets.AssetLoadingTask.handleAsyncLoader()V @ 4
Event: 1.061 Thread 0x000001a484445000 Uncommon trap: reason=class_check action=maybe_recompile pc=0x000001a4860f0d4c method=com.badlogic.gdx.assets.AssetLoadingTask.handleAsyncLoader()V @ 4
Event: 1.061 Thread 0x000001a484445000 Uncommon trap: reason=class_check action=maybe_recompile pc=0x000001a4860f0d4c method=com.badlogic.gdx.assets.AssetLoadingTask.handleAsyncLoader()V @ 4
Event: 1.070 Thread 0x000001a484445000 Uncommon trap: reason=class_check action=maybe_recompile pc=0x000001a4860f9ac0 method=com.badlogic.gdx.assets.AssetLoadingTask.handleAsyncLoader()V @ 4
Event: 1.070 Thread 0x000001a484445000 Uncommon trap: reason=class_check action=maybe_recompile pc=0x000001a4860ee91c method=com.badlogic.gdx.assets.AssetLoadingTask.handleAsyncLoader()V @ 137
Event: 1.073 Thread 0x000001a484445000 Uncommon trap: reason=class_check action=maybe_recompile pc=0x000001a4860fcc08 method=com.badlogic.gdx.assets.AssetLoadingTask.handleAsyncLoader()V @ 4
Event: 1.088 Thread 0x000001a484445000 Uncommon trap: reason=unstable_if action=reinterpret pc=0x000001a4860ee85c method=com.badlogic.gdx.assets.AssetLoadingTask.handleAsyncLoader()V @ 12

Classes redefined (0 events):
No events

Internal exceptions (10 events):
Event: 0.584 Thread 0x000001a484445000 Exception <a 'java/security/PrivilegedActionException'> (0x000000076cbeba30) thrown at [C:\jenkins\workspace\8-2-build-windows-amd64-cygwin\jdk8u291\1294\hotspot\src\share\vm\prims\jvm.cpp, line 1523]
Event: 0.668 Thread 0x000001a484445000 Exception <a 'sun/nio/fs/WindowsException'> (0x000000076cc6ab88) thrown at [C:\jenkins\workspace\8-2-build-windows-amd64-cygwin\jdk8u291\1294\hotspot\src\share\vm\prims\jni.cpp, line 710]
Event: 0.668 Thread 0x000001a484445000 Exception <a 'sun/nio/fs/WindowsException'> (0x000000076cc6b2c8) thrown at [C:\jenkins\workspace\8-2-build-windows-amd64-cygwin\jdk8u291\1294\hotspot\src\share\vm\prims\jni.cpp, line 710]
Event: 0.670 Thread 0x000001a484445000 Exception <a 'sun/nio/fs/WindowsException'> (0x000000076cc79318) thrown at [C:\jenkins\workspace\8-2-build-windows-amd64-cygwin\jdk8u291\1294\hotspot\src\share\vm\prims\jni.cpp, line 710]
Event: 0.670 Thread 0x000001a484445000 Exception <a 'sun/nio/fs/WindowsException'> (0x000000076cc79910) thrown at [C:\jenkins\workspace\8-2-build-windows-amd64-cygwin\jdk8u291\1294\hotspot\src\share\vm\prims\jni.cpp, line 710]
Event: 0.896 Thread 0x000001a484445000 Exception <a 'java/security/PrivilegedActionException'> (0x000000076d470878) thrown at [C:\jenkins\workspace\8-2-build-windows-amd64-cygwin\jdk8u291\1294\hotspot\src\share\vm\prims\jvm.cpp, line 1523]
Event: 0.896 Thread 0x000001a484445000 Exception <a 'java/security/PrivilegedActionException'> (0x000000076d470a88) thrown at [C:\jenkins\workspace\8-2-build-windows-amd64-cygwin\jdk8u291\1294\hotspot\src\share\vm\prims\jvm.cpp, line 1523]
Event: 0.898 Thread 0x000001a484445000 Exception <a 'java/security/PrivilegedActionException'> (0x000000076d4ae170) thrown at [C:\jenkins\workspace\8-2-build-windows-amd64-cygwin\jdk8u291\1294\hotspot\src\share\vm\prims\jvm.cpp, line 1523]
Event: 0.899 Thread 0x000001a484445000 Exception <a 'java/security/PrivilegedActionException'> (0x000000076d4ae380) thrown at [C:\jenkins\workspace\8-2-build-windows-amd64-cygwin\jdk8u291\1294\hotspot\src\share\vm\prims\jvm.cpp, line 1523]
Event: 1.086 Thread 0x000001a484445000 Exception <a 'java/io/FileNotFoundException'> (0x000000076dcf0b50) thrown at [C:\jenkins\workspace\8-2-build-windows-amd64-cygwin\jdk8u291\1294\hotspot\src\share\vm\prims\jni.cpp, line 710]

Events (10 events):
Event: 1.367 Thread 0x000001a484445000 DEOPT PACKING pc=0x000001a485f1fa64 sp=0x0000001ca50fdce0
Event: 1.367 Thread 0x000001a484445000 DEOPT UNPACKING pc=0x000001a485dd7898 sp=0x0000001ca50fdb00 mode 1
Event: 1.368 Thread 0x000001a484445000 DEOPT PACKING pc=0x000001a48602b449 sp=0x0000001ca50fdd20
Event: 1.368 Thread 0x000001a484445000 DEOPT UNPACKING pc=0x000001a485dd7898 sp=0x0000001ca50fda80 mode 1
Event: 1.368 Thread 0x000001a484445000 DEOPT PACKING pc=0x000001a486045f84 sp=0x0000001ca50fde70
Event: 1.368 Thread 0x000001a484445000 DEOPT UNPACKING pc=0x000001a485dd7898 sp=0x0000001ca50fdbe8 mode 1
Event: 1.368 Thread 0x000001a484445000 DEOPT PACKING pc=0x000001a48604519c sp=0x0000001ca50fdf20
Event: 1.368 Thread 0x000001a484445000 DEOPT UNPACKING pc=0x000001a485dd7898 sp=0x0000001ca50fdc60 mode 1
Event: 4.117 Executing VM operation: EnableBiasedLocking
Event: 4.117 Executing VM operation: EnableBiasedLocking done


Dynamic libraries:
0x00007ff7f4a00000 - 0x00007ff7f4a47000 	C:\Program Files\Java\jdk1.8.0_291\bin\java.exe
0x00007ffabdea0000 - 0x00007ffabe0a9000 	C:\WINDOWS\SYSTEM32\ntdll.dll
0x00007ffabccc0000 - 0x00007ffabcd7d000 	C:\WINDOWS\System32\KERNEL32.DLL
0x00007ffabb590000 - 0x00007ffabb90d000 	C:\WINDOWS\System32\KERNELBASE.dll
0x00007ffabcf40000 - 0x00007ffabcfee000 	C:\WINDOWS\System32\ADVAPI32.dll
0x00007ffabd200000 - 0x00007ffabd2a3000 	C:\WINDOWS\System32\msvcrt.dll
0x00007ffabc810000 - 0x00007ffabc8ae000 	C:\WINDOWS\System32\sechost.dll
0x00007ffabd3b0000 - 0x00007ffabd4d0000 	C:\WINDOWS\System32\RPCRT4.dll
0x00007ffabcff0000 - 0x00007ffabd19d000 	C:\WINDOWS\System32\USER32.dll
0x00007ffabb560000 - 0x00007ffabb586000 	C:\WINDOWS\System32\win32u.dll
0x00007ffabd960000 - 0x00007ffabd989000 	C:\WINDOWS\System32\GDI32.dll
0x00007ffabbc10000 - 0x00007ffabbd28000 	C:\WINDOWS\System32\gdi32full.dll
0x00007ffabbb70000 - 0x00007ffabbc0d000 	C:\WINDOWS\System32\msvcp_win.dll
0x00007ffabb9d0000 - 0x00007ffabbae1000 	C:\WINDOWS\System32\ucrtbase.dll
0x00007ffa9b210000 - 0x00007ffa9b4b5000 	C:\WINDOWS\WinSxS\amd64_microsoft.windows.common-controls_6595b64144ccf1df_6.0.22000.120_none_9d947278b86cc467\COMCTL32.dll
0x00007ffabcab0000 - 0x00007ffabcae1000 	C:\WINDOWS\System32\IMM32.DLL
0x00007ffab3860000 - 0x00007ffab3875000 	C:\Program Files\Java\jdk1.8.0_291\jre\bin\vcruntime140.dll
0x00007ffa94090000 - 0x00007ffa9412b000 	C:\Program Files\Java\jdk1.8.0_291\jre\bin\msvcp140.dll
0x0000000052580000 - 0x0000000052de0000 	C:\Program Files\Java\jdk1.8.0_291\jre\bin\server\jvm.dll
0x00007ffabd3a0000 - 0x00007ffabd3a8000 	C:\WINDOWS\System32\PSAPI.DLL
0x00007ffab5f80000 - 0x00007ffab5f8a000 	C:\WINDOWS\SYSTEM32\VERSION.dll
0x00007ffab3770000 - 0x00007ffab3779000 	C:\WINDOWS\SYSTEM32\WSOCK32.dll
0x00007ffaa19b0000 - 0x00007ffaa19e3000 	C:\WINDOWS\SYSTEM32\WINMM.dll
0x00007ffabc960000 - 0x00007ffabc9cf000 	C:\WINDOWS\System32\WS2_32.dll
0x00007ffaba570000 - 0x00007ffaba588000 	C:\WINDOWS\SYSTEM32\kernel.appcore.dll
0x00007ffab5c70000 - 0x00007ffab5c80000 	C:\Program Files\Java\jdk1.8.0_291\jre\bin\verify.dll
0x00007ffa93a80000 - 0x00007ffa93aab000 	C:\Program Files\Java\jdk1.8.0_291\jre\bin\java.dll
0x00007ffa9edb0000 - 0x00007ffa9ede6000 	C:\Program Files\Java\jdk1.8.0_291\jre\bin\jdwp.dll
0x00007ffaacf40000 - 0x00007ffaacf49000 	C:\Program Files\Java\jdk1.8.0_291\jre\bin\npt.dll
0x00007ffab3840000 - 0x00007ffab3858000 	C:\Program Files\Java\jdk1.8.0_291\jre\bin\zip.dll
0x00007ffabbed0000 - 0x00007ffabc688000 	C:\WINDOWS\System32\SHELL32.dll
0x00007ffab94c0000 - 0x00007ffab9d28000 	C:\WINDOWS\SYSTEM32\windows.storage.dll
0x00007ffabd4d0000 - 0x00007ffabd849000 	C:\WINDOWS\System32\combase.dll
0x00007ffab9350000 - 0x00007ffab94b6000 	C:\WINDOWS\SYSTEM32\wintypes.dll
0x00007ffabd850000 - 0x00007ffabd93a000 	C:\WINDOWS\System32\SHCORE.dll
0x00007ffabd990000 - 0x00007ffabd9ed000 	C:\WINDOWS\System32\shlwapi.dll
0x00007ffabb2b0000 - 0x00007ffabb2d1000 	C:\WINDOWS\SYSTEM32\profapi.dll
0x00007ffaacf30000 - 0x00007ffaacf3a000 	C:\Program Files\Java\jdk1.8.0_291\jre\bin\dt_socket.dll
0x00007ffaba9a0000 - 0x00007ffabaa07000 	C:\WINDOWS\system32\mswsock.dll
0x000000006e700000 - 0x000000006e72a000 	C:\Users\violi\AppData\Local\Temp\libgdxvioli\e1cd32f8\gdx64.dll
0x00007ffaac360000 - 0x00007ffaac37c000 	C:\Program Files\Java\jdk1.8.0_291\jre\bin\net.dll
0x00007ffa9e4b0000 - 0x00007ffa9e4c3000 	C:\Program Files\Java\jdk1.8.0_291\jre\bin\nio.dll
0x00007ffa9ed40000 - 0x00007ffa9eda4000 	C:\Users\violi\AppData\Local\Temp\lwjglvioli\3.2.3-build-13\lwjgl.dll
0x00007ffa92740000 - 0x00007ffa92993000 	C:\Users\violi\AppData\Local\Temp\lwjglvioli\3.2.3-build-13\jemalloc.dll
0x00007ffa9ecd0000 - 0x00007ffa9ed32000 	C:\Users\violi\AppData\Local\Temp\lwjglvioli\3.2.3-build-13\glfw.dll
0x00007ffab8500000 - 0x00007ffab85ac000 	C:\WINDOWS\system32\uxtheme.dll
0x00007ffa9ec80000 - 0x00007ffa9ecc5000 	C:\WINDOWS\SYSTEM32\dinput8.dll
0x00007ffaa1260000 - 0x00007ffaa1271000 	C:\WINDOWS\SYSTEM32\xinput1_4.dll
0x00007ffabb050000 - 0x00007ffabb07c000 	C:\WINDOWS\SYSTEM32\DEVOBJ.dll
0x00007ffabb080000 - 0x00007ffabb0cc000 	C:\WINDOWS\SYSTEM32\cfgmgr32.dll
0x00007ffab8dc0000 - 0x00007ffab8def000 	C:\WINDOWS\SYSTEM32\dwmapi.dll
0x00007ffa97cb0000 - 0x00007ffa97e79000 	C:\WINDOWS\SYSTEM32\inputhost.dll
0x00007ffab8070000 - 0x00007ffab81a2000 	C:\WINDOWS\SYSTEM32\CoreMessaging.dll
0x00007ffabcb10000 - 0x00007ffabcc2e000 	C:\WINDOWS\System32\MSCTF.dll
0x00007ffabbaf0000 - 0x00007ffabbb6f000 	C:\WINDOWS\System32\bcryptPrimitives.dll
0x00007ffabac00000 - 0x00007ffabac0c000 	C:\WINDOWS\SYSTEM32\CRYPTBASE.DLL
0x00007ffab9d40000 - 0x00007ffab9d4e000 	C:\WINDOWS\SYSTEM32\HID.DLL
0x00007ffabd9f0000 - 0x00007ffabde5c000 	C:\WINDOWS\System32\SETUPAPI.DLL
0x00007ffabb380000 - 0x00007ffabb3e7000 	C:\WINDOWS\System32\WINTRUST.dll
0x00007ffabb3f0000 - 0x00007ffabb552000 	C:\WINDOWS\System32\CRYPT32.dll
0x00007ffabac40000 - 0x00007ffabac52000 	C:\WINDOWS\SYSTEM32\MSASN1.dll
0x00007ffa9eb70000 - 0x00007ffa9ec7b000 	C:\Users\violi\AppData\Local\Temp\lwjglvioli\3.2.3-build-13\OpenAL.dll
0x00007ffabbd30000 - 0x00007ffabbeca000 	C:\WINDOWS\System32\ole32.dll
0x00007ffabc8b0000 - 0x00007ffabc95f000 	C:\WINDOWS\System32\clbcatq.dll
0x00007ffaac380000 - 0x00007ffaac41c000 	C:\WINDOWS\System32\MMDevApi.dll
0x00007ffaa0640000 - 0x00007ffaa0813000 	C:\WINDOWS\SYSTEM32\AUDIOSES.DLL
0x00007ffab88a0000 - 0x00007ffab88b5000 	C:\WINDOWS\SYSTEM32\resourcepolicyclient.dll
0x00007ffab9d50000 - 0x00007ffab9d9d000 	C:\WINDOWS\SYSTEM32\powrprof.dll
0x00007ffab9e40000 - 0x00007ffab9e53000 	C:\WINDOWS\SYSTEM32\UMPDC.dll
0x00007ffa8bdf0000 - 0x00007ffa8bef1000 	C:\WINDOWS\SYSTEM32\opengl32.dll
0x00007ffa8c030000 - 0x00007ffa8c05d000 	C:\WINDOWS\SYSTEM32\GLU32.dll
0x00007ffab86d0000 - 0x00007ffab8708000 	C:\WINDOWS\SYSTEM32\dxcore.dll
0x00007ffaab550000 - 0x00007ffaab594000 	C:\WINDOWS\SYSTEM32\directxdatabasehelper.dll
0x00007ffab8860000 - 0x00007ffab8894000 	C:\WINDOWS\SYSTEM32\ntmarta.dll
0x00007ffab54b0000 - 0x00007ffab55e4000 	C:\Windows\System32\AppXDeploymentClient.dll
0x00007ffab52a0000 - 0x00007ffab548f000 	C:\WINDOWS\SYSTEM32\urlmon.dll
0x00007ffab4f50000 - 0x00007ffab4f78000 	C:\Windows\System32\srvcli.dll
0x00007ffaba060000 - 0x00007ffaba06c000 	C:\Windows\System32\netutils.dll
0x00007ffab4f80000 - 0x00007ffab5233000 	C:\Windows\System32\iertutil.dll
0x00007ffa16530000 - 0x00007ffa17510000 	C:\WINDOWS\System32\DriverStore\FileRepository\iigd_dch.inf_amd64_051681027a4dfc64\igxelpicd64.dll
0x00007ffab8760000 - 0x00007ffab8853000 	C:\WINDOWS\system32\dxgi.dll
0x00007ffa92450000 - 0x00007ffa92737000 	C:\WINDOWS\System32\DriverStore\FileRepository\iigd_dch.inf_amd64_051681027a4dfc64\igdml64.dll
0x00007ffaa5890000 - 0x00007ffaa5c57000 	C:\WINDOWS\System32\DriverStore\FileRepository\iigd_dch.inf_amd64_051681027a4dfc64\igdgmm64.dll
0x00007ffaa2220000 - 0x00007ffaa57d2000 	C:\WINDOWS\System32\DriverStore\FileRepository\iigd_dch.inf_amd64_051681027a4dfc64\igc64.dll
0x00007ffa9e7d0000 - 0x00007ffa9e829000 	C:\Users\violi\AppData\Local\Temp\lwjglvioli\3.2.3-build-13\lwjgl_opengl.dll
0x00007ffa9f280000 - 0x00007ffa9f3ad000 	C:\WINDOWS\SYSTEM32\textinputframework.dll
0x00007ffabc9d0000 - 0x00007ffabcaa6000 	C:\WINDOWS\System32\OLEAUT32.dll
0x00007ffaaa360000 - 0x00007ffaaa6cd000 	C:\WINDOWS\SYSTEM32\CoreUIComponents.dll
0x00007ffa86fe0000 - 0x00007ffa87049000 	C:\WINDOWS\system32\Oleacc.dll
0x000000006a340000 - 0x000000006a3eb000 	C:\Users\violi\AppData\Local\Temp\libgdxvioli\ad089354\gdx-freetype64.dll
0x00007ffab8b90000 - 0x00007ffab8db1000 	C:\WINDOWS\SYSTEM32\dbghelp.dll

VM Arguments:
jvm_args: -agentlib:jdwp=transport=dt_socket,server=n,suspend=y,address=127.0.0.1:50375 -Dfile.encoding=windows-1252 -Duser.country=US -Duser.language=en -Duser.variant 
java_command: com.bounce.DesktopLauncher
java_class_path (initial): C:\Projects\Bounce\desktop\build\classes\java\main;C:\Projects\Bounce\desktop\build\resources\main;C:\Users\violi\.gradle\caches\modules-2\files-2.1\com.badlogicgames.gdx\gdx-backend-lwjgl3\1.10.0\600c7d5b2c977daa82c4abad147087b31e0ada87\gdx-backend-lwjgl3-1.10.0.jar;C:\Users\violi\.gradle\caches\modules-2\files-2.1\com.badlogicgames.gdx\gdx-platform\1.10.0\9a8fa793d2fd6d360afc6c9e4c1f5583da263b88\gdx-platform-1.10.0-natives-desktop.jar;C:\Users\violi\.gradle\caches\modules-2\files-2.1\com.badlogicgames.gdx\gdx-freetype-platform\1.10.0\6e5d28752759e69384f12e4569d2c884ff71352f\gdx-freetype-platform-1.10.0-natives-desktop.jar;C:\Projects\Bounce\core\build\libs\core-1.0.jar;C:\Projects\Bounce\jig\build\libs\jig-1.0.jar;C:\Users\violi\.gradle\caches\modules-2\files-2.1\com.badlogicgames.gdx\gdx-freetype\1.10.0\de1d0d5c1e92e8d91364256fd6b7bb279d3e9859\gdx-freetype-1.10.0.jar;C:\Users\violi\.gradle\caches\modules-2\files-2.1\com.badlogicgames.gdx\gdx\1.10.0\74c240f79dc4fb6b766a834249600d0a019d0489\gdx-1.10.0.jar;C:\Users\violi\.gradle\caches\modules-2\files-2.1\org.lwjgl\lwjgl-glfw\3.2.3\5e520d5c290c8b012545a8d34fa5db5ab051ea53\lwjgl-glfw-3.2.3.jar;C:\Users\violi\.gradle\caches\modules-2\files-2.1\org.lwjgl\lwjgl-glfw\3.2.3\b4d8a3477cdc2edcf7a5f1e822926be846223f54\lwjgl-glfw-3.2.3-natives-windows.jar;C:\Users\violi\.gradle\caches\modules-2\files-2.1\org.lwjgl\lwjgl-glfw\3.2.3\795d81329f65679ee6d299373cbea7fffc56b6ed\lwjgl-glfw-3.2.3-natives-windows-x86.jar;C:\Users\violi\.gradle\caches\modules-2\files-2.1\org.lwjgl\lwjgl-glfw\3.2.3\62b044d9b0a057444bef2ab70b9afc288ec09dba\lwjgl-glfw-3.2.3-natives-linux.jar;C:\Users\violi\.gradle\caches\modules-2\files-2.1\org.lwjgl\lwjgl-glfw\3.2.3\aab1a5a1e21eca87f4acd5ba055f6bfd5d90951c\lwjgl-glfw-3.2.3-natives-linux-arm32.jar;C:\Users\violi\.gradle\caches\modules-2\files-2.1\org.lwjgl\lwjgl-glfw\3.2.3\5149002edd12c9a7f62fb053d0ca8ea05a45f83\lwjgl-glfw-3.2.3-natives-linux-arm64.jar;C:\Users\violi\.gradle\cac
Launcher Type: SUN_STANDARD

Environment Variables:
PATH=C:\Program Files (x86)\Common Files\Oracle\Java\javapath;C:\WINDOWS\system32;C:\WINDOWS;C:\WINDOWS\System32\Wbem;C:\WINDOWS\System32\WindowsPowerShell\v1.0\;C:\WINDOWS\System32\OpenSSH\;C:\Program Files\Git\cmd;C:\Users\violi\AppData\Local\Microsoft\WindowsApps;;C:\Users\violi\AppData\Local\Programs\Microsoft VS Code\bin
USERNAME=violi
OS=Windows_NT
PROCESSOR_IDENTIFIER=Intel64 Family 6 Model 140 Stepping 1, GenuineIntel



---------------  S Y S T E M  ---------------

OS: Windows 10.0 , 64 bit Build 22000 (10.0.22000.708)

CPU:total 8 (initial active 8) (4 cores per cpu, 2 threads per core) family 6 model 140 stepping 1, cmov, cx8, fxsr, mmx, sse, sse2, sse3, ssse3, sse4.1, sse4.2, popcnt, avx, avx2, aes, clmul, erms, 3dnowpref, lzcnt, ht, tsc, tscinvbit, bmi1, bmi2, adx

Memory: 4k page, physical 16539192k(6211940k free), swap 19029560k(6408836k free)

vm_info: Java HotSpot(TM) 64-Bit Server VM (25.291-b10) for windows-amd64 JRE (1.8.0_291-b10), built on Apr  9 2021 00:02:00 by "java_re" with MS VC++ 15.9 (VS2017)

time: Mon Aug 29 14:02:02 2022
timezone: Pacific Daylight Time
elapsed time: 422806.895362 seconds (4d 21h 26m 46s)

